ERROR - 2024-02-28 11:03:53 --> Column 'maker_barang' cannot be null
ERROR - 2024-02-28 11:06:18 --> Column 'maker_barang' cannot be null
ERROR - 2024-02-28 11:18:53 --> Table 'kasir.pegawai' doesn't exist
CRITICAL - 2024-02-28 11:18:53 --> Call to a member function getRowArray() on bool
#0 C:\xampp\htdocs\UKK_NormanAng\app\Controllers\Home.php(35): App\Models\M_model->getarray('pegawai', Array)
#1 C:\xampp\htdocs\UKK_NormanAng\system\CodeIgniter.php(832): App\Controllers\Home->aksi_login()
#2 C:\xampp\htdocs\UKK_NormanAng\system\CodeIgniter.php(419): CodeIgniter\CodeIgniter->runController(Object(App\Controllers\Home))
#3 C:\xampp\htdocs\UKK_NormanAng\system\CodeIgniter.php(326): CodeIgniter\CodeIgniter->handleRequest(NULL, Object(Config\Cache), false)
#4 C:\xampp\htdocs\UKK_NormanAng\public\index.php(37): CodeIgniter\CodeIgniter->run()
#5 C:\xampp\htdocs\UKK_NormanAng\system\Commands\Server\rewrite.php(43): require_once('C:\\xampp\\htdocs...')
#6 {main}
CRITICAL - 2024-02-28 11:26:45 --> Too few arguments to function App\Models\M_model::super(), 4 passed in C:\xampp\htdocs\UKK_NormanAng\app\Controllers\Barang.php on line 103 and exactly 5 expected
#0 C:\xampp\htdocs\UKK_NormanAng\app\Controllers\Barang.php(103): App\Models\M_model->super('pendataan_baran...', 'barang', 'user', 'pendataan_baran...')
#1 C:\xampp\htdocs\UKK_NormanAng\system\CodeIgniter.php(832): App\Controllers\Barang->pendataan_barang()
#2 C:\xampp\htdocs\UKK_NormanAng\system\CodeIgniter.php(419): CodeIgniter\CodeIgniter->runController(Object(App\Controllers\Barang))
#3 C:\xampp\htdocs\UKK_NormanAng\system\CodeIgniter.php(326): CodeIgniter\CodeIgniter->handleRequest(NULL, Object(Config\Cache), false)
#4 C:\xampp\htdocs\UKK_NormanAng\public\index.php(37): CodeIgniter\CodeIgniter->run()
#5 C:\xampp\htdocs\UKK_NormanAng\system\Commands\Server\rewrite.php(43): require_once('C:\\xampp\\htdocs...')
#6 {main}
CRITICAL - 2024-02-28 14:34:50 --> syntax error, unexpected '}'
#0 C:\xampp\htdocs\UKK_NormanAng\system\Router\Router.php(175): CodeIgniter\Router\Router->autoRoute('Kasir')
#1 C:\xampp\htdocs\UKK_NormanAng\system\CodeIgniter.php(726): CodeIgniter\Router\Router->handle('Kasir')
#2 C:\xampp\htdocs\UKK_NormanAng\system\CodeIgniter.php(368): CodeIgniter\CodeIgniter->tryToRouteIt(Object(CodeIgniter\Router\RouteCollection))
#3 C:\xampp\htdocs\UKK_NormanAng\system\CodeIgniter.php(326): CodeIgniter\CodeIgniter->handleRequest(NULL, Object(Config\Cache), false)
#4 C:\xampp\htdocs\UKK_NormanAng\public\index.php(37): CodeIgniter\CodeIgniter->run()
#5 C:\xampp\htdocs\UKK_NormanAng\system\Commands\Server\rewrite.php(43): require_once('C:\\xampp\\htdocs...')
#6 {main}
CRITICAL - 2024-02-28 14:34:51 --> syntax error, unexpected '}'
#0 C:\xampp\htdocs\UKK_NormanAng\system\Router\Router.php(175): CodeIgniter\Router\Router->autoRoute('Kasir')
#1 C:\xampp\htdocs\UKK_NormanAng\system\CodeIgniter.php(726): CodeIgniter\Router\Router->handle('Kasir')
#2 C:\xampp\htdocs\UKK_NormanAng\system\CodeIgniter.php(368): CodeIgniter\CodeIgniter->tryToRouteIt(Object(CodeIgniter\Router\RouteCollection))
#3 C:\xampp\htdocs\UKK_NormanAng\system\CodeIgniter.php(326): CodeIgniter\CodeIgniter->handleRequest(NULL, Object(Config\Cache), false)
#4 C:\xampp\htdocs\UKK_NormanAng\public\index.php(37): CodeIgniter\CodeIgniter->run()
#5 C:\xampp\htdocs\UKK_NormanAng\system\Commands\Server\rewrite.php(43): require_once('C:\\xampp\\htdocs...')
#6 {main}
CRITICAL - 2024-02-28 14:36:55 --> You must set the database table to be used with your query.
#0 C:\xampp\htdocs\UKK_NormanAng\system\Model.php(545): CodeIgniter\Database\BaseConnection->table(NULL)
#1 C:\xampp\htdocs\UKK_NormanAng\system\Model.php(722): CodeIgniter\Model->builder()
#2 C:\xampp\htdocs\UKK_NormanAng\app\Controllers\Kasir.php(42): CodeIgniter\Model->__call('getHargaBarangB...', Array)
#3 C:\xampp\htdocs\UKK_NormanAng\system\CodeIgniter.php(832): App\Controllers\Kasir->tambah_kasir()
#4 C:\xampp\htdocs\UKK_NormanAng\system\CodeIgniter.php(419): CodeIgniter\CodeIgniter->runController(Object(App\Controllers\Kasir))
#5 C:\xampp\htdocs\UKK_NormanAng\system\CodeIgniter.php(326): CodeIgniter\CodeIgniter->handleRequest(NULL, Object(Config\Cache), false)
#6 C:\xampp\htdocs\UKK_NormanAng\public\index.php(37): CodeIgniter\CodeIgniter->run()
#7 C:\xampp\htdocs\UKK_NormanAng\system\Commands\Server\rewrite.php(43): require_once('C:\\xampp\\htdocs...')
#8 {main}
CRITICAL - 2024-02-28 14:39:22 --> You must set the database table to be used with your query.
#0 C:\xampp\htdocs\UKK_NormanAng\system\Model.php(545): CodeIgniter\Database\BaseConnection->table(NULL)
#1 C:\xampp\htdocs\UKK_NormanAng\system\Model.php(722): CodeIgniter\Model->builder()
#2 C:\xampp\htdocs\UKK_NormanAng\app\Controllers\Kasir.php(43): CodeIgniter\Model->__call('getHargaBarangB...', Array)
#3 C:\xampp\htdocs\UKK_NormanAng\system\CodeIgniter.php(832): App\Controllers\Kasir->tambah_kasir()
#4 C:\xampp\htdocs\UKK_NormanAng\system\CodeIgniter.php(419): CodeIgniter\CodeIgniter->runController(Object(App\Controllers\Kasir))
#5 C:\xampp\htdocs\UKK_NormanAng\system\CodeIgniter.php(326): CodeIgniter\CodeIgniter->handleRequest(NULL, Object(Config\Cache), false)
#6 C:\xampp\htdocs\UKK_NormanAng\public\index.php(37): CodeIgniter\CodeIgniter->run()
#7 C:\xampp\htdocs\UKK_NormanAng\system\Commands\Server\rewrite.php(43): require_once('C:\\xampp\\htdocs...')
#8 {main}
